<?xml version="1.0" encoding="UTF-8"?>
<!-- Generated by org.testng.reporters.JUnitXMLReporter -->
<testsuite ignored="0" hostname="LTIN674064" failures="4" tests="11" name="Test" time="43.405" errors="0" timestamp="2026-02-17T09:43:53 IST">
  <testcase classname="tests.CreatePolicyTests" name="test_Confirm_OK_ProceedsToSave" time="3.763"/>
  <testcase classname="tests.CreatePolicyTests" name="test_MainCategory_Options_Listed" time="0.416">
    <failure type="java.lang.AssertionError" message="Main Category options mismatch.
Expected at least: [-- Select Main Category --, Personal Accident Insurance, Phone Insurance, Travel Insurance, Life, Cyber Insurance, House Insurance, Asset]
Actual: [-- Select Main Category --, Edited_1771298801083, Phone Insurance, Travel Insurance, Life, Cyber Insurance, House Insurance, Asset, Travel Insurance 1771244353765, Travel 1771244525297, AutoTest_1771246037388, Duplicate_1771246038925, Pet Insurance 1771246166018, AutoTest_1771246169886, Duplicate_1771246171283, Auto1771246325037, Pet Insurance 1771246366576, Duplicate_1771246382935, Auto, Pet Insurance 1771246535403, Duplicate_1771246551828, General Motor, Pet Insurance 1771298785322, Duplicate_1771298802564, AutoMain-1771299462240] expected [true] but found [false]">
      <![CDATA[java.lang.AssertionError: Main Category options mismatch.
Expected at least: [-- Select Main Category --, Personal Accident Insurance, Phone Insurance, Travel Insurance, Life, Cyber Insurance, House Insurance, Asset]
Actual: [-- Select Main Category --, Edited_1771298801083, Phone Insurance, Travel Insurance, Life, Cyber Insurance, House Insurance, Asset, Travel Insurance 1771244353765, Travel 1771244525297, AutoTest_1771246037388, Duplicate_1771246038925, Pet Insurance 1771246166018, AutoTest_1771246169886, Duplicate_1771246171283, Auto1771246325037, Pet Insurance 1771246366576, Duplicate_1771246382935, Auto, Pet Insurance 1771246535403, Duplicate_1771246551828, General Motor, Pet Insurance 1771298785322, Duplicate_1771298802564, AutoMain-1771299462240] expected [true] but found [false]
at tests.CreatePolicyTests.test_MainCategory_Options_Listed(CreatePolicyTests.java:197)
at java.base/java.util.ArrayList.forEach(ArrayList.java:1604)
... Removed 32 stack frames]]>
    </failure>
  </testcase> <!-- test_MainCategory_Options_Listed -->
  <testcase classname="tests.CreatePolicyTests" name="test_MainCategory_SingleSelection_And_Update" time="0.78"/>
  <testcase classname="tests.CreatePolicyTests" name="test_Premium_InvalidOrEmpty_ShowsError" time="5.39">
    <failure type="java.lang.AssertionError" message="Expected an invalid/empty premium message either in alert or page DOM. expected [true] but found [false]">
      <![CDATA[java.lang.AssertionError: Expected an invalid/empty premium message either in alert or page DOM. expected [true] but found [false]
at tests.CreatePolicyTests.test_Premium_InvalidOrEmpty_ShowsError(CreatePolicyTests.java:362)
at java.base/java.util.ArrayList.forEach(ArrayList.java:1604)
... Removed 32 stack frames]]>
    </failure>
  </testcase> <!-- test_Premium_InvalidOrEmpty_ShowsError -->
  <testcase classname="tests.CreatePolicyTests" name="test_Premium_Label_And_NumericInput" time="0.017"/>
  <testcase classname="tests.CreatePolicyTests" name="test_Premium_MinMaxConstraints" time="1.81">
    <failure type="java.lang.AssertionError" message="Unexpected alert for min premium: ✅ Policy Created Successfully! expected [true] but found [false]">
      <![CDATA[java.lang.AssertionError: Unexpected alert for min premium: ✅ Policy Created Successfully! expected [true] but found [false]
at tests.CreatePolicyTests.test_Premium_MinMaxConstraints(CreatePolicyTests.java:287)
at java.base/java.util.ArrayList.forEach(ArrayList.java:1604)
... Removed 32 stack frames]]>
    </failure>
  </testcase> <!-- test_Premium_MinMaxConstraints -->
  <testcase classname="tests.CreatePolicyTests" name="test_Premium_NumericOnlyAcceptance" time="0.211"/>
  <testcase classname="tests.CreatePolicyTests" name="test_Premium_Placeholder" time="0.045"/>
  <testcase classname="tests.CreatePolicyTests" name="test_Reset_Returns_Defaults" time="2.803"/>
  <testcase classname="tests.CreatePolicyTests" name="test_ReviewDialog_DisplaysSelectedValues" time="2.875"/>
  <testcase classname="tests.CreatePolicyTests" name="test_Success_And_NoDuplicateOnSingleConfirm" time="13.217">
    <failure type="java.lang.AssertionError" message="No visible success locator found in UI. expected [true] but found [false]">
      <![CDATA[java.lang.AssertionError: No visible success locator found in UI. expected [true] but found [false]
at tests.CreatePolicyTests.test_Success_And_NoDuplicateOnSingleConfirm(CreatePolicyTests.java:176)
at java.base/java.util.ArrayList.forEach(ArrayList.java:1604)
... Removed 32 stack frames]]>
    </failure>
  </testcase> <!-- test_Success_And_NoDuplicateOnSingleConfirm -->
</testsuite> <!-- Test -->
