<?xml version="1.0" encoding="UTF-8"?>
<testng-results ignored="0" total="3" passed="2" failed="1" skipped="0">
  <reporter-output>
  </reporter-output>
  <suite started-at="2026-02-16T18:12:08 IST" name="Default suite" finished-at="2026-02-16T18:13:45 IST" duration-ms="96900">
    <groups>
    </groups>
    <test started-at="2026-02-16T18:12:08 IST" name="Default test" finished-at="2026-02-16T18:13:45 IST" duration-ms="96900">
      <class name="tests.MainCategoryFilterValidationTest">
        <test-method is-config="true" signature="setUpClass()[pri:0, instance:tests.MainCategoryFilterValidationTest@fbd1f6]" started-at="2026-02-16T18:12:08 IST" name="setUpClass" finished-at="2026-02-16T18:12:12 IST" duration-ms="3654" status="PASS">
          <reporter-output>
          </reporter-output>
        </test-method> <!-- setUpClass -->
        <test-method is-config="true" signature="cleanState()[pri:0, instance:tests.MainCategoryFilterValidationTest@fbd1f6]" started-at="2026-02-16T18:12:12 IST" name="cleanState" finished-at="2026-02-16T18:12:25 IST" duration-ms="13438" status="PASS">
          <reporter-output>
          </reporter-output>
        </test-method> <!-- cleanState -->
        <test-method signature="tc_PA_TC001_ValidFilter()[pri:0, instance:tests.MainCategoryFilterValidationTest@fbd1f6]" started-at="2026-02-16T18:12:25 IST" name="tc_PA_TC001_ValidFilter" finished-at="2026-02-16T18:12:29 IST" duration-ms="3371" status="PASS">
          <reporter-output>
          </reporter-output>
        </test-method> <!-- tc_PA_TC001_ValidFilter -->
        <test-method is-config="true" signature="cleanState()[pri:0, instance:tests.MainCategoryFilterValidationTest@fbd1f6]" started-at="2026-02-16T18:12:29 IST" name="cleanState" finished-at="2026-02-16T18:12:42 IST" duration-ms="12852" status="PASS">
          <reporter-output>
          </reporter-output>
        </test-method> <!-- cleanState -->
        <test-method signature="tc_PA_TC002_ClearSelection_ShowsAllCategories()[pri:0, instance:tests.MainCategoryFilterValidationTest@fbd1f6]" started-at="2026-02-16T18:12:42 IST" name="tc_PA_TC002_ClearSelection_ShowsAllCategories" finished-at="2026-02-16T18:12:44 IST" duration-ms="2485" status="PASS">
          <reporter-output>
          </reporter-output>
        </test-method> <!-- tc_PA_TC002_ClearSelection_ShowsAllCategories -->
        <test-method is-config="true" signature="cleanState()[pri:0, instance:tests.MainCategoryFilterValidationTest@fbd1f6]" started-at="2026-02-16T18:12:44 IST" name="cleanState" finished-at="2026-02-16T18:12:57 IST" duration-ms="12952" status="PASS">
          <reporter-output>
          </reporter-output>
        </test-method> <!-- cleanState -->
        <test-method signature="tc_PA_TC004_Pagination_ResetsToFirstPage()[pri:0, instance:tests.MainCategoryFilterValidationTest@fbd1f6]" started-at="2026-02-16T18:12:57 IST" name="tc_PA_TC004_Pagination_ResetsToFirstPage" finished-at="2026-02-16T18:13:40 IST" duration-ms="43400" status="FAIL">
          <exception class="java.lang.AssertionError">
            <message>
              <![CDATA[Pagination did not reset to page 1 (no span '1'). expected [true] but found [false]]]>
            </message>
            <full-stacktrace>
              <![CDATA[java.lang.AssertionError: Pagination did not reset to page 1 (no span '1'). expected [true] but found [false]
at org.testng.Assert.fail(Assert.java:111)
at org.testng.Assert.failNotEquals(Assert.java:1590)
at org.testng.Assert.assertTrue(Assert.java:57)
at tests.MainCategoryFilterValidationTest.tc_PA_TC004_Pagination_ResetsToFirstPage(MainCategoryFilterValidationTest.java:158)
at java.base/jdk.internal.reflect.DirectMethodHandleAccessor.invoke(DirectMethodHandleAccessor.java:103)
at java.base/java.lang.reflect.Method.invoke(Method.java:580)
at org.testng.internal.invokers.MethodInvocationHelper.invokeMethod(MethodInvocationHelper.java:141)
at org.testng.internal.invokers.TestInvoker.invokeMethod(TestInvoker.java:697)
at org.testng.internal.invokers.TestInvoker.invokeTestMethod(TestInvoker.java:230)
at org.testng.internal.invokers.MethodRunner.runInSequence(MethodRunner.java:63)
at org.testng.internal.invokers.TestInvoker$MethodInvocationAgent.invoke(TestInvoker.java:1005)
at org.testng.internal.invokers.TestInvoker.invokeTestMethods(TestInvoker.java:203)
at org.testng.internal.invokers.TestMethodWorker.invokeTestMethods(TestMethodWorker.java:154)
at org.testng.internal.invokers.TestMethodWorker.run(TestMethodWorker.java:134)
at java.base/java.util.ArrayList.forEach(ArrayList.java:1596)
at org.testng.TestRunner.privateRun(TestRunner.java:744)
at org.testng.TestRunner.run(TestRunner.java:616)
at org.testng.SuiteRunner.runTest(SuiteRunner.java:421)
at org.testng.SuiteRunner.runSequentially(SuiteRunner.java:413)
at org.testng.SuiteRunner.privateRun(SuiteRunner.java:373)
at org.testng.SuiteRunner.run(SuiteRunner.java:312)
at org.testng.SuiteRunnerWorker.runSuite(SuiteRunnerWorker.java:52)
at org.testng.SuiteRunnerWorker.run(SuiteRunnerWorker.java:95)
at org.testng.TestNG.runSuitesSequentially(TestNG.java:1274)
at org.testng.TestNG.runSuitesLocally(TestNG.java:1208)
at org.testng.TestNG.runSuites(TestNG.java:1112)
at org.testng.TestNG.run(TestNG.java:1079)
at org.testng.remote.AbstractRemoteTestNG.run(AbstractRemoteTestNG.java:115)
at org.testng.remote.RemoteTestNG.initAndRun(RemoteTestNG.java:293)
at org.testng.remote.RemoteTestNG.main(RemoteTestNG.java:91)
]]>
            </full-stacktrace>
          </exception> <!-- java.lang.AssertionError -->
          <reporter-output>
          </reporter-output>
        </test-method> <!-- tc_PA_TC004_Pagination_ResetsToFirstPage -->
        <test-method is-config="true" signature="tearDownClass()[pri:0, instance:tests.MainCategoryFilterValidationTest@fbd1f6]" started-at="2026-02-16T18:13:40 IST" name="tearDownClass" finished-at="2026-02-16T18:13:45 IST" duration-ms="4678" status="PASS">
          <reporter-output>
          </reporter-output>
        </test-method> <!-- tearDownClass -->
      </class> <!-- tests.MainCategoryFilterValidationTest -->
    </test> <!-- Default test -->
  </suite> <!-- Default suite -->
</testng-results>
