<?xml version="1.0" encoding="UTF-8"?>
<!-- Generated by org.testng.reporters.JUnitXMLReporter -->
<testsuite ignored="0" hostname="LTIN674064" failures="0" tests="11" name="02-CreatePolicy" time="248.111" errors="0" timestamp="2026-02-16T14:10:23 IST">
  <testcase classname="tests.CreatePolicyTests" name="test_Confirm_OK_ProceedsToSave" time="0.0">
    <skipped/>
  </testcase> <!-- test_Confirm_OK_ProceedsToSave -->
  <testcase classname="tests.CreatePolicyTests" name="test_MainCategory_Options_Listed" time="0.0">
    <skipped/>
  </testcase> <!-- test_MainCategory_Options_Listed -->
  <testcase classname="tests.CreatePolicyTests" name="test_MainCategory_SingleSelection_And_Update" time="0.0">
    <skipped/>
  </testcase> <!-- test_MainCategory_SingleSelection_And_Update -->
  <testcase classname="tests.CreatePolicyTests" name="test_Premium_InvalidOrEmpty_ShowsError" time="0.0">
    <skipped/>
  </testcase> <!-- test_Premium_InvalidOrEmpty_ShowsError -->
  <testcase classname="tests.CreatePolicyTests" name="test_Premium_Label_And_NumericInput" time="0.0">
    <skipped/>
  </testcase> <!-- test_Premium_Label_And_NumericInput -->
  <testcase classname="tests.CreatePolicyTests" name="test_Premium_MinMaxConstraints" time="0.0">
    <skipped/>
  </testcase> <!-- test_Premium_MinMaxConstraints -->
  <testcase classname="tests.CreatePolicyTests" name="test_Premium_NumericOnlyAcceptance" time="0.0">
    <skipped/>
  </testcase> <!-- test_Premium_NumericOnlyAcceptance -->
  <testcase classname="tests.CreatePolicyTests" name="test_Premium_Placeholder" time="0.0">
    <skipped/>
  </testcase> <!-- test_Premium_Placeholder -->
  <testcase classname="tests.CreatePolicyTests" name="test_Reset_Returns_Defaults" time="0.0">
    <skipped/>
  </testcase> <!-- test_Reset_Returns_Defaults -->
  <testcase classname="tests.CreatePolicyTests" name="test_ReviewDialog_DisplaysSelectedValues" time="0.0">
    <skipped/>
  </testcase> <!-- test_ReviewDialog_DisplaysSelectedValues -->
  <testcase classname="tests.CreatePolicyTests" name="test_Success_And_NoDuplicateOnSingleConfirm" time="0.0">
    <skipped/>
  </testcase> <!-- test_Success_And_NoDuplicateOnSingleConfirm -->
</testsuite> <!-- 02-CreatePolicy -->
