<?xml version="1.0" encoding="UTF-8"?>
<!-- Generated by org.testng.reporters.JUnitXMLReporter -->
<testsuite ignored="0" hostname="LTIN674064" failures="0" tests="13" name="03-MainCategory" time="307.619" errors="0" timestamp="2026-02-16T14:15:31 IST">
  <testcase classname="tests.MainCategoryFilterValidationTest" name="validateClearSelectionShowsAllCategories" time="0.0">
    <skipped/>
  </testcase> <!-- validateClearSelectionShowsAllCategories -->
  <testcase classname="tests.MainCategoryFilterValidationTest" name="validateMainCategoryFilter" time="0.0">
    <skipped/>
  </testcase> <!-- validateMainCategoryFilter -->
  <testcase classname="tests.MainCategoryFilterValidationTest" name="validateMainCategoryFilter" time="0.0">
    <skipped/>
  </testcase> <!-- validateMainCategoryFilter -->
  <testcase classname="tests.MainCategoryFilterValidationTest" name="validateMainCategoryFilter" time="0.0">
    <skipped/>
  </testcase> <!-- validateMainCategoryFilter -->
  <testcase classname="tests.MainCategoryFilterValidationTest" name="validateMainCategoryFilter" time="0.0">
    <skipped/>
  </testcase> <!-- validateMainCategoryFilter -->
  <testcase classname="tests.MainCategoryFilterValidationTest" name="validateMainCategoryFilter" time="0.001">
    <skipped/>
  </testcase> <!-- validateMainCategoryFilter -->
  <testcase classname="tests.MainCategoryFilterValidationTest" name="validateMainCategoryFilter" time="0.0">
    <skipped/>
  </testcase> <!-- validateMainCategoryFilter -->
  <testcase classname="tests.MainCategoryFilterValidationTest" name="validateMainCategoryFilter" time="0.0">
    <skipped/>
  </testcase> <!-- validateMainCategoryFilter -->
  <testcase classname="tests.MainCategoryFilterValidationTest" name="validateMainCategoryFilter" time="0.0">
    <skipped/>
  </testcase> <!-- validateMainCategoryFilter -->
  <testcase classname="tests.MainCategoryFilterValidationTest" name="validateMainCategoryFilter" time="0.0">
    <skipped/>
  </testcase> <!-- validateMainCategoryFilter -->
  <testcase classname="tests.MainCategoryFilterValidationTest" name="validateMainCategoryFilter" time="0.0">
    <skipped/>
  </testcase> <!-- validateMainCategoryFilter -->
  <testcase classname="tests.MainCategoryFilterValidationTest" name="validatePaginationResetsToFirstPageAfterReset" time="0.0">
    <skipped/>
  </testcase> <!-- validatePaginationResetsToFirstPageAfterReset -->
  <testcase classname="tests.MainCategoryFilterValidationTest" name="validateResetClearsAllFiltersAndReloadsAllPolicies" time="0.0">
    <skipped/>
  </testcase> <!-- validateResetClearsAllFiltersAndReloadsAllPolicies -->
</testsuite> <!-- 03-MainCategory -->
